#
# There is insufficient memory for the Java Runtime Environment to continue.
# Native memory allocation (malloc) failed to allocate 1048576 bytes for AllocateHeap
# Possible reasons:
#   The system is out of physical RAM or swap space
#   In 32 bit mode, the process size limit was hit
# Possible solutions:
#   Reduce memory load on the system
#   Increase physical memory or swap space
#   Check if swap backing store is full
#   Use 64 bit Java on a 64 bit OS
#   Decrease Java heap size (-Xmx/-Xms)
#   Decrease number of Java threads
#   Decrease Java thread stack sizes (-Xss)
#   Set larger code cache with -XX:ReservedCodeCacheSize=
# This output file may be truncated or incomplete.
#
#  Out of Memory Error (memory/allocation.inline.hpp:61), pid=14244, tid=0x00000000000056ac
#
# JRE version:  (8.0_111-b14) (build )
# Java VM: Java HotSpot(TM) 64-Bit Server VM (25.111-b14 mixed mode windows-amd64 compressed oops)
# Failed to write core dump. Minidumps are not enabled by default on client versions of Windows
#

---------------  T H R E A D  ---------------

Current thread (0x0000000002c80800):  JavaThread "Unknown thread" [_thread_in_vm, id=22188, stack(0x0000000002a20000,0x0000000002b20000)]

Stack: [0x0000000002a20000,0x0000000002b20000]
[error occurred during error reporting (printing stack bounds), id 0xc0000005]

Native frames: (J=compiled Java code, j=interpreted, Vv=VM code, C=native code)


---------------  P R O C E S S  ---------------

Java Threads: ( => current thread )

Other Threads:

=>0x0000000002c80800 (exited) JavaThread "Unknown thread" [_thread_in_vm, id=22188, stack(0x0000000002a20000,0x0000000002b20000)]

VM state:not at safepoint (normal execution)

VM Mutex/Monitor currently owned by a thread: None

Heap:
 PSYoungGen      total 28672K, used 491K [0x00000000e0a00000, 0x00000000e2a00000, 0x0000000100000000)
  eden space 24576K, 2% used [0x00000000e0a00000,0x00000000e0a7ae20,0x00000000e2200000)
  from space 4096K, 0% used [0x00000000e2600000,0x00000000e2600000,0x00000000e2a00000)
  to   space 4096K, 0% used [0x00000000e2200000,0x00000000e2200000,0x00000000e2600000)
 ParOldGen       total 65536K, used 0K [0x00000000a1e00000, 0x00000000a5e00000, 0x00000000e0a00000)
  object space 65536K, 0% used [0x00000000a1e00000,0x00000000a1e00000,0x00000000a5e00000)
 Metaspace       used 752K, capacity 1092K, committed 1152K, reserved 1060864K
  class space    used 75K, capacity 384K, committed 384K, reserved 1048576K

Card table byte_map: [0x0000000012140000,0x0000000012440000] byte_map_base: 0x0000000011c31000

Marking Bits: (ParMarkBitMap*) 0x000000007763a6c0
 Begin Bits: [0x0000000012a40000, 0x00000000141c8000)
 End Bits:   [0x00000000141c8000, 0x0000000015950000)

Polling page: 0x0000000000e60000

CodeCache: size=245760Kb used=328Kb max_used=328Kb free=245431Kb
 bounds [0x0000000002d80000, 0x0000000002ff0000, 0x0000000011d80000]
 total_blobs=58 nmethods=0 adapters=38
 compilation: enabled

Compilation events (0 events):
No events

GC Heap History (0 events):
No events

Deoptimization events (0 events):
No events

Internal exceptions (0 events):
No events

Events (10 events):
Event: 0.036 loading class java/lang/Short
Event: 0.037 loading class java/lang/Short done
Event: 0.037 loading class java/lang/Integer
Event: 0.037 loading class java/lang/Integer done
Event: 0.037 loading class java/lang/Long
Event: 0.037 loading class java/lang/Long done
Event: 0.037 loading class java/lang/NullPointerException
Event: 0.037 loading class java/lang/NullPointerException done
Event: 0.037 loading class java/lang/ArithmeticException
Event: 0.038 loading class java/lang/ArithmeticException done


Dynamic libraries:
0x00007ff76b090000 - 0x00007ff76b0c7000 	C:\Program Files\Java\jre1.8.0_111\bin\javaw.exe
0x00007ffea75c0000 - 0x00007ffea7791000 	C:\WINDOWS\SYSTEM32\ntdll.dll
0x00007ffea5740000 - 0x00007ffea57eb000 	C:\WINDOWS\System32\KERNEL32.DLL
0x00007ffea3df0000 - 0x00007ffea400d000 	C:\WINDOWS\System32\KERNELBASE.dll
0x00007ffea5200000 - 0x00007ffea52a2000 	C:\WINDOWS\System32\ADVAPI32.dll
0x00007ffea52f0000 - 0x00007ffea538e000 	C:\WINDOWS\System32\msvcrt.dll
0x00007ffea7560000 - 0x00007ffea75b9000 	C:\WINDOWS\System32\sechost.dll
0x00007ffea6e90000 - 0x00007ffea6fb1000 	C:\WINDOWS\System32\RPCRT4.dll
0x00007ffea73f0000 - 0x00007ffea7555000 	C:\WINDOWS\System32\USER32.dll
0x00007ffea4b30000 - 0x00007ffea4b4e000 	C:\WINDOWS\System32\win32u.dll
0x00007ffea52b0000 - 0x00007ffea52e4000 	C:\WINDOWS\System32\GDI32.dll
0x00007ffea4900000 - 0x00007ffea4a82000 	C:\WINDOWS\System32\gdi32full.dll
0x00007ffe94d40000 - 0x00007ffe94fb9000 	C:\WINDOWS\WinSxS\amd64_microsoft.windows.common-controls_6595b64144ccf1df_6.0.14393.447_none_42191651c6827bb3\COMCTL32.dll
0x00007ffea5450000 - 0x00007ffea5717000 	C:\WINDOWS\System32\combase.dll
0x00007ffea3ab0000 - 0x00007ffea3ba5000 	C:\WINDOWS\System32\ucrtbase.dll
0x00007ffea3bb0000 - 0x00007ffea3c1a000 	C:\WINDOWS\System32\bcryptPrimitives.dll
0x00007ffea4cc0000 - 0x00007ffea4cee000 	C:\WINDOWS\System32\IMM32.DLL
0x0000000076b80000 - 0x0000000076c52000 	C:\Program Files\Java\jre1.8.0_111\bin\msvcr100.dll
0x0000000076e20000 - 0x00000000776ba000 	C:\Program Files\Java\jre1.8.0_111\bin\server\jvm.dll
0x00007ffea4cf0000 - 0x00007ffea4cf8000 	C:\WINDOWS\System32\PSAPI.DLL
0x00007ffea1ee0000 - 0x00007ffea1f03000 	C:\WINDOWS\SYSTEM32\WINMM.dll
0x00007ffe92200000 - 0x00007ffe92209000 	C:\WINDOWS\SYSTEM32\WSOCK32.dll
0x00007ffea6e20000 - 0x00007ffea6e8a000 	C:\WINDOWS\System32\WS2_32.dll
0x00007ffe98330000 - 0x00007ffe9833a000 	C:\WINDOWS\SYSTEM32\VERSION.dll
0x00007ffea1e80000 - 0x00007ffea1eab000 	C:\WINDOWS\SYSTEM32\WINMMBASE.dll
0x00007ffea4170000 - 0x00007ffea41b2000 	C:\WINDOWS\System32\cfgmgr32.dll
0x0000000076d30000 - 0x0000000076d3f000 	C:\Program Files\Java\jre1.8.0_111\bin\verify.dll
0x0000000076d00000 - 0x0000000076d29000 	C:\Program Files\Java\jre1.8.0_111\bin\java.dll
0x0000000076ce0000 - 0x0000000076cf6000 	C:\Program Files\Java\jre1.8.0_111\bin\zip.dll

VM Arguments:
jvm_args: -Dfile.encoding=Cp1252 
java_command: App1
java_class_path (initial): C:\Users\jihen\workspace\Bibliotheque\bin;C:\Users\jihen\OneDrive\Documents\swingx.zip;C:\Users\jihen\OneDrive\Documents\swingx\lib\forms-1.0.4.jar;C:\Users\jihen\OneDrive\Documents\swingx\lib\jdnc-jxcombobox.jar;C:\Users\jihen\OneDrive\Documents\swingx\lib\jga-0.7.2-cddl.jar;C:\Users\jihen\OneDrive\Documents\swingx\lib\jlfgr-1_0.jar;C:\Users\jihen\OneDrive\Documents\swingx\lib\looks-1.3.1.jar;C:\Users\jihen\Downloads\eclipse-java-neon-1a-win32-x86_64\eclipse\plugins\org.junit_4.12.0.v201504281640\junit.jar;C:\Users\jihen\Downloads\eclipse-java-neon-1a-win32-x86_64\eclipse\plugins\org.hamcrest.core_1.3.0.v201303031735.jar;C:\Users\jihen\workspace\Bibliotheque\lib\mysql-connector-java-5.1.40-bin.jar
Launcher Type: SUN_STANDARD

Environment Variables:
PATH=C:/Program Files/Java/jre1.8.0_111/bin/server;C:/Program Files/Java/jre1.8.0_111/bin;C:/Program Files/Java/jre1.8.0_111/lib/amd64;C:\ProgramData\Oracle\Java\javapath;C:\WINDOWS\system32;C:\WINDOWS;C:\WINDOWS\System32\Wbem;C:\WINDOWS\System32\WindowsPowerShell\v1.0\;;C:\Users\jihen\AppData\Local\Microsoft\WindowsApps;C:\Users\jihen\Downloads\eclipse-java-neon-1a-win32-x86_64\eclipse;
USERNAME=jihen
OS=Windows_NT
PROCESSOR_IDENTIFIER=Intel64 Family 6 Model 58 Stepping 9, GenuineIntel



---------------  S Y S T E M  ---------------

OS: Windows 10.0 , 64 bit Build 14393 (10.0.14393.0)

CPU:total 4 (2 cores per cpu, 2 threads per core) family 6 model 58 stepping 9, cmov, cx8, fxsr, mmx, sse, sse2, sse3, ssse3, sse4.1, sse4.2, popcnt, avx, clmul, erms, ht, tsc, tscinvbit, tscinv

Memory: 4k page, physical 6162288k(1783508k free), swap 25036656k(5424k free)

vm_info: Java HotSpot(TM) 64-Bit Server VM (25.111-b14) for windows-amd64 JRE (1.8.0_111-b14), built on Sep 22 2016 19:24:05 by "java_re" with MS VC++ 10.0 (VS2010)

time: Fri Nov 25 16:36:31 2016
elapsed time: 0 seconds (0d 0h 0m 0s)

